<?xml version="1.0" encoding="UTF-8"?>
<!-- Generated by org.testng.reporters.JUnitReportReporter -->
<testsuite hostname="DESKTOP-MVEKIVB" failures="0" tests="2" name="propertiestestfiles.PFProgram6" time="10.696" errors="0" timestamp="2025-01-05T20:20:10 CST" skipped="0">
  <testcase classname="propertiestestfiles.PFProgram6" name="e2etest" time="5.941"/>
  <system-out>
    <![CDATA[E2E test passed89738
<a href="D:\IDE-BDD\org.bofa.cne\src\test\resources\05-Jan-2025-08-20-05-406.png"><img src="D:\IDE-BDD\org.bofa.cne\src\test\resources\05-Jan-2025-08-20-05-406.png" height="100" width="100"/></a>]]>
  </system-out>
  <testcase classname="propertiestestfiles.PFProgram6" name="e2etest" time="4.755"/>
  <system-out>
    <![CDATA[E2E test passed89749
<a href="D:\IDE-BDD\org.bofa.cne\src\test\resources\05-Jan-2025-08-20-10-081.png"><img src="D:\IDE-BDD\org.bofa.cne\src\test\resources\05-Jan-2025-08-20-10-081.png" height="100" width="100"/></a>]]>
  </system-out>
</testsuite> <!-- propertiestestfiles.PFProgram6 -->
