<?xml version="1.0" encoding="UTF-8"?>
<!-- Generated by org.testng.reporters.JUnitReportReporter -->
<testsuite hostname="DESKTOP-MVEKIVB" failures="0" tests="3" name="propertiestestfiles.PFProgram5" time="6.256" errors="0" timestamp="2025-02-09T23:52:23 CST" skipped="0">
  <testcase classname="propertiestestfiles.PFProgram5" name="testAPI" time="2.414"/>
  <system-out/>
  <testcase classname="propertiestestfiles.PFProgram5" name="testUI" time="3.838"/>
  <system-out/>
  <testcase classname="propertiestestfiles.PFProgram5" name="e2eTestValidation" time="0.004"/>
  <system-out>
    <![CDATA[E2E test passed]]>
  </system-out>
</testsuite> <!-- propertiestestfiles.PFProgram5 -->
