<?xml version="1.0" encoding="UTF-8"?>
<!-- Generated by org.testng.reporters.JUnitReportReporter -->
<testsuite hostname="Bhargava_Home" failures="0" tests="2" name="propertiestestfiles.PFProgramUsingDataProvider6" time="10.421" errors="0" timestamp="2025-02-11T19:29:51 CST" skipped="0">
  <testcase classname="propertiestestfiles.PFProgramUsingDataProvider6" name="e2etest" time="4.488">
    <system-out>
      <![CDATA[E2E test passed89749
<a href="C:\2025\Batch-269\IDE-BDD\org.bofa.cne\src\test\resources\11-Feb-2025-07-29-51-150.png"><img src="C:\2025\Batch-269\IDE-BDD\org.bofa.cne\src\test\resources\11-Feb-2025-07-29-51-150.png" height="100" width="100"/></a>]]>
    </system-out>
  </testcase> <!-- e2etest -->
  <testcase classname="propertiestestfiles.PFProgramUsingDataProvider6" name="e2etest" time="5.933">
    <system-out>
      <![CDATA[E2E test passed89738
<a href="C:\2025\Batch-269\IDE-BDD\org.bofa.cne\src\test\resources\11-Feb-2025-07-29-46-643.png"><img src="C:\2025\Batch-269\IDE-BDD\org.bofa.cne\src\test\resources\11-Feb-2025-07-29-46-643.png" height="100" width="100"/></a>]]>
    </system-out>
  </testcase> <!-- e2etest -->
  <system-out>
    <![CDATA[E2E test passed89738
<a href="C:\2025\Batch-269\IDE-BDD\org.bofa.cne\src\test\resources\11-Feb-2025-07-29-46-643.png"><img src="C:\2025\Batch-269\IDE-BDD\org.bofa.cne\src\test\resources\11-Feb-2025-07-29-46-643.png" height="100" width="100"/></a>
E2E test passed89749
<a href="C:\2025\Batch-269\IDE-BDD\org.bofa.cne\src\test\resources\11-Feb-2025-07-29-51-150.png"><img src="C:\2025\Batch-269\IDE-BDD\org.bofa.cne\src\test\resources\11-Feb-2025-07-29-51-150.png" height="100" width="100"/></a>]]>
  </system-out>
</testsuite> <!-- propertiestestfiles.PFProgramUsingDataProvider6 -->
