<?xml version="1.0" encoding="UTF-8"?>
<!-- Generated by org.testng.reporters.JUnitReportReporter -->
<testsuite hostname="Bhargava_Home" failures="0" tests="3" name="propertiestestfiles.PFProgram5" time="5.895" errors="0" timestamp="2025-02-11T11:32:09 CST" skipped="0">
  <testcase classname="propertiestestfiles.PFProgram5" name="testAPI" time="1.958"/>
  <testcase classname="propertiestestfiles.PFProgram5" name="testUI" time="3.937"/>
  <testcase classname="propertiestestfiles.PFProgram5" name="e2eTestValidation" time="0.000">
    <system-out>
      <![CDATA[E2E test passed]]>
    </system-out>
  </testcase> <!-- e2eTestValidation -->
  <system-out>
    <![CDATA[E2E test passed]]>
  </system-out>
</testsuite> <!-- propertiestestfiles.PFProgram5 -->
