<?xml version="1.0" encoding="UTF-8"?>
<!-- Generated by org.testng.reporters.JUnitReportReporter -->
<testsuite hostname="Bhargava_Home" failures="0" tests="8" name="propertiestestfiles.PFProgramUsingSuitefile7" time="10.329" errors="0" timestamp="2025-02-11T21:49:19 CST" skipped="0">
  <testcase classname="propertiestestfiles.PFProgramUsingSuitefile7" name="testdatasetup" time="0.002"/>
  <testcase classname="propertiestestfiles.PFProgramUsingSuitefile7" name="testdatasetup" time="0.024"/>
  <testcase classname="propertiestestfiles.PFProgramUsingSuitefile7" name="testAPI" time="0.413"/>
  <testcase classname="propertiestestfiles.PFProgramUsingSuitefile7" name="testAPI" time="2.113"/>
  <testcase classname="propertiestestfiles.PFProgramUsingSuitefile7" name="testUI" time="4.300"/>
  <testcase classname="propertiestestfiles.PFProgramUsingSuitefile7" name="testUI" time="3.256"/>
  <testcase classname="propertiestestfiles.PFProgramUsingSuitefile7" name="e2eTestValidation" time="0.112">
    <system-out>
      <![CDATA[E2E test passed89738
<a href="C:\2025\Batch-269\IDE-BDD\org.bofa.cne\src\test\resources\11-Feb-2025-09-49-15-169.png"><img src="C:\2025\Batch-269\IDE-BDD\org.bofa.cne\src\test\resources\11-Feb-2025-09-49-15-169.png" height="100" width="100"/></a>]]>
    </system-out>
  </testcase> <!-- e2eTestValidation -->
  <testcase classname="propertiestestfiles.PFProgramUsingSuitefile7" name="e2eTestValidation" time="0.109">
    <system-out>
      <![CDATA[E2E test passed89738
<a href="C:\2025\Batch-269\IDE-BDD\org.bofa.cne\src\test\resources\11-Feb-2025-09-49-18-983.png"><img src="C:\2025\Batch-269\IDE-BDD\org.bofa.cne\src\test\resources\11-Feb-2025-09-49-18-983.png" height="100" width="100"/></a>]]>
    </system-out>
  </testcase> <!-- e2eTestValidation -->
  <system-out>
    <![CDATA[E2E test passed89738
<a href="C:\2025\Batch-269\IDE-BDD\org.bofa.cne\src\test\resources\11-Feb-2025-09-49-15-169.png"><img src="C:\2025\Batch-269\IDE-BDD\org.bofa.cne\src\test\resources\11-Feb-2025-09-49-15-169.png" height="100" width="100"/></a>
E2E test passed89738
<a href="C:\2025\Batch-269\IDE-BDD\org.bofa.cne\src\test\resources\11-Feb-2025-09-49-18-983.png"><img src="C:\2025\Batch-269\IDE-BDD\org.bofa.cne\src\test\resources\11-Feb-2025-09-49-18-983.png" height="100" width="100"/></a>]]>
  </system-out>
</testsuite> <!-- propertiestestfiles.PFProgramUsingSuitefile7 -->
